<?xml version="1.0" encoding="UTF-8"?>
<!-- Generated by org.testng.reporters.JUnitReportReporter -->
<testsuite hostname="DESKTOP-EUH2O3V" failures="0" tests="4" name="com.ninjademo.qa.TestPages.TestRegisterPage" time="26.196" errors="0" timestamp="2023-11-16T22:37:09 IST" skipped="0">
  <testcase classname="com.ninjademo.qa.TestPages.TestRegisterPage" name="RegisterUser" time="6.609"/>
  <system-out/>
  <testcase classname="com.ninjademo.qa.TestPages.TestRegisterPage" name="RegisterUser" time="6.544"/>
  <system-out/>
  <testcase classname="com.ninjademo.qa.TestPages.TestRegisterPage" name="RegisterUser" time="5.269"/>
  <system-out/>
  <testcase classname="com.ninjademo.qa.TestPages.TestRegisterPage" name="RegisterUser" time="7.774"/>
  <system-out/>
</testsuite> <!-- com.ninjademo.qa.TestPages.TestRegisterPage -->
