<?xml version="1.0" encoding="UTF-8"?>
<!-- Generated by org.testng.reporters.JUnitReportReporter -->
<testsuite hostname="DESKTOP-EUH2O3V" failures="0" tests="2" name="com.ninjademo.qa.TestPages.HomePageTest" time="13.232" errors="0" timestamp="2023-11-16T22:37:09 IST" skipped="0">
  <testcase classname="com.ninjademo.qa.TestPages.HomePageTest" name="clickOnRegisterPage" time="6.799"/>
  <system-out/>
  <testcase classname="com.ninjademo.qa.TestPages.HomePageTest" name="clickOnLogin" time="6.433"/>
  <system-out/>
</testsuite> <!-- com.ninjademo.qa.TestPages.HomePageTest -->
